[INFO   ] Logger: Record log in /storage/emulated/0/python/免费影视(GUI)/.kivy/logs/kivy_25-05-11_11.txt
[INFO   ] Kivy: v2.2.1
[INFO   ] Kivy: Installed at "/data/user/0/ru.iiec.pydroid3/files/aarch64-linux-android/lib/python3.11/site-packages/kivy/__init__.py"
[INFO   ] Python: v3.11.4 (main, Sep 30 2023, 10:54:38) [GCC 11.4.0]
[INFO   ] Python: Interpreter at "/data/user/0/ru.iiec.pydroid3/files/aarch64-linux-android/bin/python3"
[INFO   ] Logger: Purge log fired. Processing...
[INFO   ] Logger: Purge finished!
[INFO   ] Factory: 190 symbols loaded
[INFO   ] Image: Providers: img_tex, img_dds, img_sdl2, img_pil (img_ffpyplayer ignored)
[INFO   ] Text: Provider: sdl2
[INFO   ] Window: Provider: sdl2
[INFO   ] GL: Using the "OpenGL ES 2" graphics system
[INFO   ] GL: Backend used <sdl2>
[INFO   ] GL: OpenGL version <b'OpenGL ES 3.2 V@415.0 (GIT@18b3f87, Ia11ce2d146, 1599237608) (Date:09/04/20)'>
[INFO   ] GL: OpenGL vendor <b'Qualcomm'>
[INFO   ] GL: OpenGL renderer <b'Adreno (TM) 615'>
[INFO   ] GL: OpenGL parsed version: 3, 2
[INFO   ] GL: Texture max size <16384>
[INFO   ] GL: Texture max units <16>
[INFO   ] Window: auto add sdl2 input provider
[INFO   ] Window: virtual keyboard not allowed, single mode, not docked
[INFO   ] GL: NPOT texture support is available
[WARNING] Base: Unknown <android> provider
[INFO   ] Base: Start application main loop
[DEBUG  ] Starting new HTTPS connection (1): ikan234.com:443
[DEBUG  ] https://ikan234.com:443 "GET /search/%E7%81%AB%E5%BD%B1%E5%BF%8D%E8%80%85----------2---.html HTTP/1.1" 200 None
[INFO   ] Base: Leaving application in progress...
[WARNING] stderr: Traceback (most recent call last):
[WARNING] stderr:   File "kivy/_event.pyx", line 235, in kivy._event.EventDispatcher.__init__
[WARNING] stderr: TypeError: object.__init__() takes exactly one argument (the instance to initialize)
[WARNING] stderr: 
[WARNING] stderr: The above exception was the direct cause of the following exception:
[WARNING] stderr: 
[WARNING] stderr: Traceback (most recent call last):
[WARNING] stderr:   File "/storage/emulated/0/python/免费影视(GUI)/main.py", line 143, in <module>
[WARNING] stderr:     IkanApp().run()
[WARNING] stderr:   File "/data/user/0/ru.iiec.pydroid3/files/aarch64-linux-android/lib/python3.11/site-packages/kivy/app.py", line 956, in run
[WARNING] stderr:     runTouchApp()
[WARNING] stderr:   File "/data/user/0/ru.iiec.pydroid3/files/aarch64-linux-android/lib/python3.11/site-packages/kivy/base.py", line 574, in runTouchApp
[WARNING] stderr:     EventLoop.mainloop()
[WARNING] stderr:   File "/data/user/0/ru.iiec.pydroid3/files/aarch64-linux-android/lib/python3.11/site-packages/kivy/base.py", line 339, in mainloop
[WARNING] stderr:     self.idle()
[WARNING] stderr:   File "/data/user/0/ru.iiec.pydroid3/files/aarch64-linux-android/lib/python3.11/site-packages/kivy/base.py", line 383, in idle
[WARNING] stderr:     self.dispatch_input()
[WARNING] stderr:   File "/data/user/0/ru.iiec.pydroid3/files/aarch64-linux-android/lib/python3.11/site-packages/kivy/base.py", line 334, in dispatch_input
[WARNING] stderr:     post_dispatch_input(*pop(0))
[WARNING] stderr:   File "/data/user/0/ru.iiec.pydroid3/files/aarch64-linux-android/lib/python3.11/site-packages/kivy/base.py", line 263, in post_dispatch_input
[WARNING] stderr:     listener.dispatch('on_motion', etype, me)
[WARNING] stderr:   File "kivy/_event.pyx", line 731, in kivy._event.EventDispatcher.dispatch
[WARNING] stderr:   File "/data/user/0/ru.iiec.pydroid3/files/aarch64-linux-android/lib/python3.11/site-packages/kivy/core/window/__init__.py", line 1695, in on_motion
[WARNING] stderr:     self.dispatch('on_touch_up', me)
[WARNING] stderr:   File "kivy/_event.pyx", line 731, in kivy._event.EventDispatcher.dispatch
[WARNING] stderr:   File "/data/user/0/ru.iiec.pydroid3/files/aarch64-linux-android/lib/python3.11/site-packages/kivy/core/window/__init__.py", line 1732, in on_touch_up
[WARNING] stderr:     if w.dispatch('on_touch_up', touch):
[WARNING] stderr:        ^^^^^^^^^^^^^^^^^^^^^^^^^^^^^^^^
[WARNING] stderr:   File "kivy/_event.pyx", line 731, in kivy._event.EventDispatcher.dispatch
[WARNING] stderr:   File "/data/user/0/ru.iiec.pydroid3/files/aarch64-linux-android/lib/python3.11/site-packages/kivy/uix/widget.py", line 611, in on_touch_up
[WARNING] stderr:     if child.dispatch('on_touch_up', touch):
[WARNING] stderr:        ^^^^^^^^^^^^^^^^^^^^^^^^^^^^^^^^^^^^
[WARNING] stderr:   File "kivy/_event.pyx", line 731, in kivy._event.EventDispatcher.dispatch
[WARNING] stderr:   File "/data/user/0/ru.iiec.pydroid3/files/aarch64-linux-android/lib/python3.11/site-packages/kivy/uix/scrollview.py", line 968, in on_touch_up
[WARNING] stderr:     if self.dispatch('on_scroll_stop', touch):
[WARNING] stderr:        ^^^^^^^^^^^^^^^^^^^^^^^^^^^^^^^^^^^^^^
[WARNING] stderr:   File "kivy/_event.pyx", line 731, in kivy._event.EventDispatcher.dispatch
[WARNING] stderr:   File "/data/user/0/ru.iiec.pydroid3/files/aarch64-linux-android/lib/python3.11/site-packages/kivy/uix/scrollview.py", line 1005, in on_scroll_stop
[WARNING] stderr:     self.simulate_touch_down(touch)
[WARNING] stderr:   File "/data/user/0/ru.iiec.pydroid3/files/aarch64-linux-android/lib/python3.11/site-packages/kivy/uix/scrollview.py", line 668, in simulate_touch_down
[WARNING] stderr:     ret = super(ScrollView, self).on_touch_down(touch)
[WARNING] stderr:           ^^^^^^^^^^^^^^^^^^^^^^^^^^^^^^^^^^^^^^^^^^^^
[WARNING] stderr:   File "/data/user/0/ru.iiec.pydroid3/files/aarch64-linux-android/lib/python3.11/site-packages/kivy/uix/widget.py", line 589, in on_touch_down
[WARNING] stderr:     if child.dispatch('on_touch_down', touch):
[WARNING] stderr:        ^^^^^^^^^^^^^^^^^^^^^^^^^^^^^^^^^^^^^^
[WARNING] stderr:   File "kivy/_event.pyx", line 731, in kivy._event.EventDispatcher.dispatch
[WARNING] stderr:   File "/data/user/0/ru.iiec.pydroid3/files/aarch64-linux-android/lib/python3.11/site-packages/kivy/uix/widget.py", line 589, in on_touch_down
[WARNING] stderr:     if child.dispatch('on_touch_down', touch):
[WARNING] stderr:        ^^^^^^^^^^^^^^^^^^^^^^^^^^^^^^^^^^^^^^
[WARNING] stderr:   File "kivy/_event.pyx", line 731, in kivy._event.EventDispatcher.dispatch
[WARNING] stderr:   File "/data/user/0/ru.iiec.pydroid3/files/aarch64-linux-android/lib/python3.11/site-packages/kivy/uix/behaviors/button.py", line 151, in on_touch_down
[WARNING] stderr:     self.dispatch('on_press')
[WARNING] stderr:   File "kivy/_event.pyx", line 727, in kivy._event.EventDispatcher.dispatch
[WARNING] stderr:   File "kivy/_event.pyx", line 1307, in kivy._event.EventObservers.dispatch
[WARNING] stderr:   File "kivy/_event.pyx", line 1231, in kivy._event.EventObservers._dispatch
[WARNING] stderr:   File "/storage/emulated/0/python/免费影视(GUI)/main.py", line 113, in <lambda>
[WARNING] stderr:     btn.bind(on_press=lambda btn, idx=idx: self.select_movie(idx))
[WARNING] stderr:                                            ^^^^^^^^^^^^^^^^^^^^^^
[WARNING] stderr:   File "/storage/emulated/0/python/免费影视(GUI)/main.py", line 136, in select_movie
[WARNING] stderr:     show_input("请输入集数 (电影填1)", on_set_entered)
[WARNING] stderr:   File "/storage/emulated/0/python/免费影视(GUI)/main.py", line 74, in show_input
[WARNING] stderr:     popup = Popup(title=title, content=layout, size_hint=(0.8, 0.4))
[WARNING] stderr:             ^^^^^^^^^^^^^^^^^^^^^^^^^^^^^^^^^^^^^^^^^^^^^^^^^^^^^^^^^
[WARNING] stderr:   File "/data/user/0/ru.iiec.pydroid3/files/aarch64-linux-android/lib/python3.11/site-packages/kivy/uix/modalview.py", line 195, in __init__
[WARNING] stderr:     super(ModalView, self).__init__(**kwargs)
[WARNING] stderr:   File "/data/user/0/ru.iiec.pydroid3/files/aarch64-linux-android/lib/python3.11/site-packages/kivy/uix/anchorlayout.py", line 68, in __init__
[WARNING] stderr:     super(AnchorLayout, self).__init__(**kwargs)
[WARNING] stderr:   File "/data/user/0/ru.iiec.pydroid3/files/aarch64-linux-android/lib/python3.11/site-packages/kivy/uix/layout.py", line 76, in __init__
[WARNING] stderr:     super(Layout, self).__init__(**kwargs)
[WARNING] stderr:   File "/data/user/0/ru.iiec.pydroid3/files/aarch64-linux-android/lib/python3.11/site-packages/kivy/uix/widget.py", line 357, in __init__
[WARNING] stderr:     super(Widget, self).__init__(**kwargs)
[WARNING] stderr:   File "kivy/_event.pyx", line 238, in kivy._event.EventDispatcher.__init__
[WARNING] stderr: TypeError: Properties ['font_name'] passed to __init__ may not be existing property names. Valid properties are ['_anim_alpha', '_anim_duration', '_container', '_is_open', '_window', 'anchor_x', 'anchor_y', 'attach_to', 'auto_dismiss', 'background', 'background_color', 'border', 'center', 'center_x', 'center_y', 'children', 'cls', 'content', 'disabled', 'height', 'ids', 'motion_filter', 'opacity', 'overlay_color', 'padding', 'parent', 'pos', 'pos_hint', 'right', 'separator_color', 'separator_height', 'size', 'size_hint', 'size_hint_max', 'size_hint_max_x', 'size_hint_max_y', 'size_hint_min', 'size_hint_min_x', 'size_hint_min_y', 'size_hint_x', 'size_hint_y', 'title', 'title_align', 'title_color', 'title_font', 'title_size', 'top', 'width', 'x', 'y']
